{"/Users/svitlana/Desktop/Projects/atlas-react-testing/postcss.config.js": {"path":"/Users/svitlana/Desktop/Projects/atlas-react-testing/postcss.config.js","all":true,"statementMap":{"0":{"start":{"line":1,"column":0},"end":{"line":1,"column":16}},"1":{"start":{"line":2,"column":0},"end":{"line":2,"column":12}},"2":{"start":{"line":3,"column":0},"end":{"line":3,"column":20}},"3":{"start":{"line":4,"column":0},"end":{"line":4,"column":21}},"4":{"start":{"line":5,"column":0},"end":{"line":5,"column":4}},"5":{"start":{"line":6,"column":0},"end":{"line":6,"column":1}}},"s":{"0":0,"1":0,"2":0,"3":0,"4":0,"5":0},"branchMap":{"0":{"type":"branch","line":1,"loc":{"start":{"line":1,"column":0},"end":{"line":6,"column":-11}},"locations":[{"start":{"line":1,"column":0},"end":{"line":6,"column":-11}}]}},"b":{"0":[0]},"fnMap":{"0":{"name":"(empty-report)","decl":{"start":{"line":1,"column":0},"end":{"line":6,"column":-11}},"loc":{"start":{"line":1,"column":0},"end":{"line":6,"column":-11}},"line":1}},"f":{"0":0}}
,"/Users/svitlana/Desktop/Projects/atlas-react-testing/tailwind.config.js": {"path":"/Users/svitlana/Desktop/Projects/atlas-react-testing/tailwind.config.js","all":true,"statementMap":{"0":{"start":{"line":1,"column":0},"end":{"line":1,"column":43}},"1":{"start":{"line":2,"column":0},"end":{"line":2,"column":16}},"2":{"start":{"line":3,"column":0},"end":{"line":3,"column":12}},"3":{"start":{"line":4,"column":0},"end":{"line":4,"column":19}},"4":{"start":{"line":5,"column":0},"end":{"line":5,"column":33}},"5":{"start":{"line":6,"column":0},"end":{"line":6,"column":4}},"6":{"start":{"line":7,"column":0},"end":{"line":7,"column":10}},"7":{"start":{"line":8,"column":0},"end":{"line":8,"column":13}},"8":{"start":{"line":9,"column":0},"end":{"line":9,"column":15}},"9":{"start":{"line":10,"column":0},"end":{"line":10,"column":23}},"10":{"start":{"line":11,"column":0},"end":{"line":11,"column":41}},"11":{"start":{"line":12,"column":0},"end":{"line":12,"column":24}},"12":{"start":{"line":13,"column":0},"end":{"line":13,"column":25}},"13":{"start":{"line":14,"column":0},"end":{"line":14,"column":25}},"14":{"start":{"line":15,"column":0},"end":{"line":15,"column":25}},"15":{"start":{"line":16,"column":0},"end":{"line":16,"column":25}},"16":{"start":{"line":17,"column":0},"end":{"line":17,"column":25}},"17":{"start":{"line":18,"column":0},"end":{"line":18,"column":25}},"18":{"start":{"line":19,"column":0},"end":{"line":19,"column":25}},"19":{"start":{"line":20,"column":0},"end":{"line":20,"column":10}},"20":{"start":{"line":21,"column":0},"end":{"line":21,"column":16}},"21":{"start":{"line":22,"column":0},"end":{"line":22,"column":25}},"22":{"start":{"line":23,"column":0},"end":{"line":23,"column":9}},"23":{"start":{"line":24,"column":0},"end":{"line":24,"column":7}},"24":{"start":{"line":25,"column":0},"end":{"line":25,"column":6}},"25":{"start":{"line":26,"column":0},"end":{"line":26,"column":4}},"26":{"start":{"line":27,"column":0},"end":{"line":27,"column":14}},"27":{"start":{"line":28,"column":0},"end":{"line":28,"column":1}}},"s":{"0":0,"1":0,"2":0,"3":0,"4":0,"5":0,"6":0,"7":0,"8":0,"9":0,"10":0,"11":0,"12":0,"13":0,"14":0,"15":0,"16":0,"17":0,"18":0,"19":0,"20":0,"21":0,"22":0,"23":0,"24":0,"25":0,"26":0,"27":0},"branchMap":{"0":{"type":"branch","line":1,"loc":{"start":{"line":1,"column":0},"end":{"line":28,"column":-13}},"locations":[{"start":{"line":1,"column":0},"end":{"line":28,"column":-13}}]}},"b":{"0":[0]},"fnMap":{"0":{"name":"(empty-report)","decl":{"start":{"line":1,"column":0},"end":{"line":28,"column":-13}},"loc":{"start":{"line":1,"column":0},"end":{"line":28,"column":-13}},"line":1}},"f":{"0":0}}
,"/Users/svitlana/Desktop/Projects/atlas-react-testing/src/App.jsx": {"path":"/Users/svitlana/Desktop/Projects/atlas-react-testing/src/App.jsx","all":true,"statementMap":{"0":{"start":{"line":1,"column":0},"end":{"line":1,"column":41}},"1":{"start":{"line":2,"column":0},"end":{"line":2,"column":40}},"3":{"start":{"line":4,"column":0},"end":{"line":4,"column":16}},"4":{"start":{"line":5,"column":0},"end":{"line":5,"column":10}},"5":{"start":{"line":6,"column":0},"end":{"line":6,"column":75}},"6":{"start":{"line":7,"column":0},"end":{"line":7,"column":21}},"7":{"start":{"line":8,"column":0},"end":{"line":8,"column":16}},"8":{"start":{"line":9,"column":0},"end":{"line":9,"column":10}},"10":{"start":{"line":11,"column":0},"end":{"line":11,"column":1}},"12":{"start":{"line":13,"column":0},"end":{"line":13,"column":19}}},"s":{"0":0,"1":0,"3":0,"4":0,"5":0,"6":0,"7":0,"8":0,"10":0,"12":0},"branchMap":{"0":{"type":"branch","line":1,"loc":{"start":{"line":1,"column":265},"end":{"line":13,"column":19}},"locations":[{"start":{"line":1,"column":265},"end":{"line":13,"column":19}}]}},"b":{"0":[0]},"fnMap":{"0":{"name":"(empty-report)","decl":{"start":{"line":1,"column":265},"end":{"line":13,"column":19}},"loc":{"start":{"line":1,"column":265},"end":{"line":13,"column":19}},"line":1}},"f":{"0":0}}
,"/Users/svitlana/Desktop/Projects/atlas-react-testing/src/MusicPlayer.tsx": {"path":"/Users/svitlana/Desktop/Projects/atlas-react-testing/src/MusicPlayer.tsx","all":false,"statementMap":{"0":{"start":{"line":1,"column":0},"end":{"line":1,"column":40}},"1":{"start":{"line":2,"column":0},"end":{"line":2,"column":61}},"2":{"start":{"line":3,"column":0},"end":{"line":3,"column":45}},"3":{"start":{"line":4,"column":0},"end":{"line":4,"column":58}},"4":{"start":{"line":5,"column":0},"end":{"line":5,"column":73}},"5":{"start":{"line":6,"column":0},"end":{"line":6,"column":75}},"7":{"start":{"line":8,"column":0},"end":{"line":8,"column":37}},"8":{"start":{"line":9,"column":0},"end":{"line":9,"column":56}},"9":{"start":{"line":10,"column":0},"end":{"line":10,"column":70}},"10":{"start":{"line":11,"column":0},"end":{"line":11,"column":61}},"11":{"start":{"line":12,"column":0},"end":{"line":12,"column":103}},"13":{"start":{"line":14,"column":0},"end":{"line":14,"column":47}},"14":{"start":{"line":15,"column":0},"end":{"line":15,"column":48}},"15":{"start":{"line":16,"column":0},"end":{"line":16,"column":74}},"16":{"start":{"line":17,"column":0},"end":{"line":17,"column":33}},"17":{"start":{"line":18,"column":0},"end":{"line":18,"column":5}},"18":{"start":{"line":19,"column":0},"end":{"line":19,"column":4}},"20":{"start":{"line":21,"column":0},"end":{"line":21,"column":37}},"21":{"start":{"line":22,"column":0},"end":{"line":22,"column":48}},"22":{"start":{"line":23,"column":0},"end":{"line":23,"column":62}},"23":{"start":{"line":24,"column":0},"end":{"line":24,"column":4}},"25":{"start":{"line":26,"column":0},"end":{"line":26,"column":32}},"26":{"start":{"line":27,"column":0},"end":{"line":27,"column":20}},"28":{"start":{"line":29,"column":0},"end":{"line":29,"column":70}},"29":{"start":{"line":30,"column":0},"end":{"line":30,"column":74}},"30":{"start":{"line":31,"column":0},"end":{"line":31,"column":39}},"31":{"start":{"line":32,"column":0},"end":{"line":32,"column":12}},"32":{"start":{"line":33,"column":0},"end":{"line":33,"column":48}},"33":{"start":{"line":34,"column":0},"end":{"line":34,"column":5}},"34":{"start":{"line":35,"column":0},"end":{"line":35,"column":4}},"36":{"start":{"line":37,"column":0},"end":{"line":37,"column":32}},"37":{"start":{"line":38,"column":0},"end":{"line":38,"column":46}},"39":{"start":{"line":40,"column":0},"end":{"line":40,"column":64}},"40":{"start":{"line":41,"column":0},"end":{"line":41,"column":98}},"41":{"start":{"line":42,"column":0},"end":{"line":42,"column":41}},"42":{"start":{"line":43,"column":0},"end":{"line":43,"column":12}},"44":{"start":{"line":45,"column":0},"end":{"line":45,"column":48}},"45":{"start":{"line":46,"column":0},"end":{"line":46,"column":5}},"46":{"start":{"line":47,"column":0},"end":{"line":47,"column":4}},"48":{"start":{"line":49,"column":0},"end":{"line":49,"column":10}},"49":{"start":{"line":50,"column":0},"end":{"line":50,"column":135}},"51":{"start":{"line":52,"column":0},"end":{"line":52,"column":18}},"52":{"start":{"line":53,"column":0},"end":{"line":53,"column":34}},"54":{"start":{"line":55,"column":0},"end":{"line":55,"column":32}},"55":{"start":{"line":56,"column":0},"end":{"line":56,"column":27}},"56":{"start":{"line":57,"column":0},"end":{"line":57,"column":45}},"57":{"start":{"line":58,"column":0},"end":{"line":58,"column":35}},"58":{"start":{"line":59,"column":0},"end":{"line":59,"column":35}},"59":{"start":{"line":60,"column":0},"end":{"line":60,"column":48}},"60":{"start":{"line":61,"column":0},"end":{"line":61,"column":65}},"61":{"start":{"line":62,"column":0},"end":{"line":62,"column":49}},"62":{"start":{"line":63,"column":0},"end":{"line":63,"column":33}},"63":{"start":{"line":64,"column":0},"end":{"line":64,"column":12}},"68":{"start":{"line":69,"column":0},"end":{"line":69,"column":18}},"69":{"start":{"line":70,"column":0},"end":{"line":70,"column":35}},"71":{"start":{"line":72,"column":0},"end":{"line":72,"column":32}},"72":{"start":{"line":73,"column":0},"end":{"line":73,"column":19}},"73":{"start":{"line":74,"column":0},"end":{"line":74,"column":31}},"74":{"start":{"line":75,"column":0},"end":{"line":75,"column":47}},"75":{"start":{"line":76,"column":0},"end":{"line":76,"column":43}},"76":{"start":{"line":77,"column":0},"end":{"line":77,"column":12}},"79":{"start":{"line":80,"column":0},"end":{"line":80,"column":10}},"81":{"start":{"line":82,"column":0},"end":{"line":82,"column":2}},"83":{"start":{"line":84,"column":0},"end":{"line":84,"column":27}}},"s":{"0":1,"1":1,"2":1,"3":1,"4":1,"5":1,"7":1,"8":11,"9":11,"10":11,"11":11,"13":11,"14":1,"15":1,"16":1,"17":1,"18":1,"20":11,"21":1,"22":1,"23":1,"25":11,"26":2,"28":0,"29":0,"30":0,"31":2,"32":2,"33":2,"34":2,"36":11,"37":1,"39":0,"40":0,"41":0,"42":1,"44":1,"45":1,"46":1,"48":11,"49":11,"51":11,"52":1,"54":10,"55":10,"56":10,"57":10,"58":10,"59":10,"60":10,"61":10,"62":10,"63":10,"68":11,"69":1,"71":10,"72":10,"73":10,"74":10,"75":10,"76":10,"79":11,"81":11,"83":1},"branchMap":{"0":{"type":"branch","line":8,"loc":{"start":{"line":8,"column":30},"end":{"line":82,"column":2}},"locations":[{"start":{"line":8,"column":30},"end":{"line":82,"column":2}}]},"1":{"type":"branch","line":52,"loc":{"start":{"line":52,"column":7},"end":{"line":53,"column":34}},"locations":[{"start":{"line":52,"column":7},"end":{"line":53,"column":34}}]},"2":{"type":"branch","line":53,"loc":{"start":{"line":53,"column":32},"end":{"line":64,"column":12}},"locations":[{"start":{"line":53,"column":32},"end":{"line":64,"column":12}}]},"3":{"type":"branch","line":69,"loc":{"start":{"line":69,"column":7},"end":{"line":70,"column":35}},"locations":[{"start":{"line":69,"column":7},"end":{"line":70,"column":35}}]},"4":{"type":"branch","line":70,"loc":{"start":{"line":70,"column":33},"end":{"line":77,"column":12}},"locations":[{"start":{"line":70,"column":33},"end":{"line":77,"column":12}}]},"5":{"type":"branch","line":14,"loc":{"start":{"line":14,"column":27},"end":{"line":19,"column":4}},"locations":[{"start":{"line":14,"column":27},"end":{"line":19,"column":4}}]},"6":{"type":"branch","line":16,"loc":{"start":{"line":16,"column":21},"end":{"line":16,"column":72}},"locations":[{"start":{"line":16,"column":21},"end":{"line":16,"column":72}}]},"7":{"type":"branch","line":21,"loc":{"start":{"line":21,"column":30},"end":{"line":24,"column":4}},"locations":[{"start":{"line":21,"column":30},"end":{"line":24,"column":4}}]},"8":{"type":"branch","line":22,"loc":{"start":{"line":22,"column":17},"end":{"line":22,"column":46}},"locations":[{"start":{"line":22,"column":17},"end":{"line":22,"column":46}}]},"9":{"type":"branch","line":26,"loc":{"start":{"line":26,"column":25},"end":{"line":35,"column":4}},"locations":[{"start":{"line":26,"column":25},"end":{"line":35,"column":4}}]},"10":{"type":"branch","line":27,"loc":{"start":{"line":27,"column":19},"end":{"line":32,"column":11}},"locations":[{"start":{"line":27,"column":19},"end":{"line":32,"column":11}}]},"11":{"type":"branch","line":37,"loc":{"start":{"line":37,"column":25},"end":{"line":47,"column":4}},"locations":[{"start":{"line":37,"column":25},"end":{"line":47,"column":4}}]},"12":{"type":"branch","line":38,"loc":{"start":{"line":38,"column":8},"end":{"line":38,"column":45}},"locations":[{"start":{"line":38,"column":8},"end":{"line":38,"column":45}}]},"13":{"type":"branch","line":38,"loc":{"start":{"line":38,"column":45},"end":{"line":43,"column":11}},"locations":[{"start":{"line":38,"column":45},"end":{"line":43,"column":11}}]}},"b":{"0":[11],"1":[1],"2":[10],"3":[1],"4":[10],"5":[1],"6":[1],"7":[1],"8":[1],"9":[2],"10":[0],"11":[1],"12":[0],"13":[0]},"fnMap":{"0":{"name":"MusicPlayer","decl":{"start":{"line":8,"column":30},"end":{"line":82,"column":2}},"loc":{"start":{"line":8,"column":30},"end":{"line":82,"column":2}},"line":8},"1":{"name":"handleSongChange","decl":{"start":{"line":14,"column":27},"end":{"line":19,"column":4}},"loc":{"start":{"line":14,"column":27},"end":{"line":19,"column":4}},"line":14},"2":{"name":"handleShuffleToggle","decl":{"start":{"line":21,"column":30},"end":{"line":24,"column":4}},"loc":{"start":{"line":21,"column":30},"end":{"line":24,"column":4}},"line":21},"3":{"name":"handleNextSong","decl":{"start":{"line":26,"column":25},"end":{"line":35,"column":4}},"loc":{"start":{"line":26,"column":25},"end":{"line":35,"column":4}},"line":26},"4":{"name":"handlePrevSong","decl":{"start":{"line":37,"column":25},"end":{"line":47,"column":4}},"loc":{"start":{"line":37,"column":25},"end":{"line":47,"column":4}},"line":37}},"f":{"0":11,"1":1,"2":1,"3":2,"4":1}}
,"/Users/svitlana/Desktop/Projects/atlas-react-testing/src/main.jsx": {"path":"/Users/svitlana/Desktop/Projects/atlas-react-testing/src/main.jsx","all":true,"statementMap":{"0":{"start":{"line":1,"column":0},"end":{"line":1,"column":26}},"1":{"start":{"line":2,"column":0},"end":{"line":2,"column":40}},"2":{"start":{"line":3,"column":0},"end":{"line":3,"column":28}},"3":{"start":{"line":4,"column":0},"end":{"line":4,"column":21}},"5":{"start":{"line":6,"column":0},"end":{"line":6,"column":60}},"6":{"start":{"line":7,"column":0},"end":{"line":7,"column":20}},"7":{"start":{"line":8,"column":0},"end":{"line":8,"column":11}},"8":{"start":{"line":9,"column":0},"end":{"line":9,"column":21}},"9":{"start":{"line":10,"column":0},"end":{"line":10,"column":2}}},"s":{"0":0,"1":0,"2":0,"3":0,"5":0,"6":0,"7":0,"8":0,"9":0},"branchMap":{"0":{"type":"branch","line":1,"loc":{"start":{"line":1,"column":238},"end":{"line":10,"column":2}},"locations":[{"start":{"line":1,"column":238},"end":{"line":10,"column":2}}]}},"b":{"0":[0]},"fnMap":{"0":{"name":"(empty-report)","decl":{"start":{"line":1,"column":238},"end":{"line":10,"column":2}},"loc":{"start":{"line":1,"column":238},"end":{"line":10,"column":2}},"line":1}},"f":{"0":0}}
,"/Users/svitlana/Desktop/Projects/atlas-react-testing/src/components/CoverArt.tsx": {"path":"/Users/svitlana/Desktop/Projects/atlas-react-testing/src/components/CoverArt.tsx","all":false,"statementMap":{"0":{"start":{"line":1,"column":0},"end":{"line":1,"column":25}},"6":{"start":{"line":7,"column":0},"end":{"line":7,"column":58}},"7":{"start":{"line":8,"column":0},"end":{"line":8,"column":10}},"8":{"start":{"line":9,"column":0},"end":{"line":9,"column":49}},"9":{"start":{"line":10,"column":0},"end":{"line":10,"column":135}},"10":{"start":{"line":11,"column":0},"end":{"line":11,"column":10}},"12":{"start":{"line":13,"column":0},"end":{"line":13,"column":1}},"14":{"start":{"line":15,"column":0},"end":{"line":15,"column":23}}},"s":{"0":1,"6":1,"7":11,"8":11,"9":11,"10":11,"12":11,"14":1},"branchMap":{"0":{"type":"branch","line":7,"loc":{"start":{"line":7,"column":42},"end":{"line":13,"column":1}},"locations":[{"start":{"line":7,"column":42},"end":{"line":13,"column":1}}]}},"b":{"0":[11]},"fnMap":{"0":{"name":"CoverArt","decl":{"start":{"line":7,"column":42},"end":{"line":13,"column":1}},"loc":{"start":{"line":7,"column":42},"end":{"line":13,"column":1}},"line":7}},"f":{"0":11}}
,"/Users/svitlana/Desktop/Projects/atlas-react-testing/src/components/CurrentLoadingSkeleton.tsx": {"path":"/Users/svitlana/Desktop/Projects/atlas-react-testing/src/components/CurrentLoadingSkeleton.tsx","all":false,"statementMap":{"0":{"start":{"line":1,"column":0},"end":{"line":1,"column":48}},"1":{"start":{"line":2,"column":0},"end":{"line":2,"column":10}},"2":{"start":{"line":3,"column":0},"end":{"line":3,"column":117}},"3":{"start":{"line":4,"column":0},"end":{"line":4,"column":126}},"4":{"start":{"line":5,"column":0},"end":{"line":5,"column":97}},"5":{"start":{"line":6,"column":0},"end":{"line":6,"column":98}},"6":{"start":{"line":7,"column":0},"end":{"line":7,"column":62}},"7":{"start":{"line":8,"column":0},"end":{"line":8,"column":95}},"8":{"start":{"line":9,"column":0},"end":{"line":9,"column":68}},"9":{"start":{"line":10,"column":0},"end":{"line":10,"column":68}},"10":{"start":{"line":11,"column":0},"end":{"line":11,"column":68}},"11":{"start":{"line":12,"column":0},"end":{"line":12,"column":68}},"12":{"start":{"line":13,"column":0},"end":{"line":13,"column":12}},"13":{"start":{"line":14,"column":0},"end":{"line":14,"column":102}},"14":{"start":{"line":15,"column":0},"end":{"line":15,"column":10}},"16":{"start":{"line":17,"column":0},"end":{"line":17,"column":2}},"18":{"start":{"line":19,"column":0},"end":{"line":19,"column":37}}},"s":{"0":1,"1":1,"2":1,"3":1,"4":1,"5":1,"6":1,"7":1,"8":1,"9":1,"10":1,"11":1,"12":1,"13":1,"14":1,"16":1,"18":1},"branchMap":{"0":{"type":"branch","line":1,"loc":{"start":{"line":1,"column":41},"end":{"line":17,"column":2}},"locations":[{"start":{"line":1,"column":41},"end":{"line":17,"column":2}}]}},"b":{"0":[1]},"fnMap":{"0":{"name":"CurrentLoadingSkeleton","decl":{"start":{"line":1,"column":41},"end":{"line":17,"column":2}},"loc":{"start":{"line":1,"column":41},"end":{"line":17,"column":2}},"line":1}},"f":{"0":1}}
,"/Users/svitlana/Desktop/Projects/atlas-react-testing/src/components/CurrentlyPlaying.tsx": {"path":"/Users/svitlana/Desktop/Projects/atlas-react-testing/src/components/CurrentlyPlaying.tsx","all":false,"statementMap":{"0":{"start":{"line":1,"column":0},"end":{"line":1,"column":25}},"1":{"start":{"line":2,"column":0},"end":{"line":2,"column":33}},"2":{"start":{"line":3,"column":0},"end":{"line":3,"column":35}},"3":{"start":{"line":4,"column":0},"end":{"line":4,"column":41}},"4":{"start":{"line":5,"column":0},"end":{"line":5,"column":45}},"23":{"start":{"line":24,"column":0},"end":{"line":24,"column":60}},"24":{"start":{"line":25,"column":0},"end":{"line":25,"column":75}},"25":{"start":{"line":26,"column":0},"end":{"line":26,"column":7}},"26":{"start":{"line":27,"column":0},"end":{"line":27,"column":10}},"27":{"start":{"line":28,"column":0},"end":{"line":28,"column":74}},"28":{"start":{"line":29,"column":0},"end":{"line":29,"column":37}},"29":{"start":{"line":30,"column":0},"end":{"line":30,"column":59}},"30":{"start":{"line":31,"column":0},"end":{"line":31,"column":20}},"31":{"start":{"line":32,"column":0},"end":{"line":32,"column":22}},"32":{"start":{"line":33,"column":0},"end":{"line":33,"column":22}},"33":{"start":{"line":34,"column":0},"end":{"line":34,"column":32}},"34":{"start":{"line":35,"column":0},"end":{"line":35,"column":30}},"35":{"start":{"line":36,"column":0},"end":{"line":36,"column":39}},"36":{"start":{"line":37,"column":0},"end":{"line":37,"column":27}},"37":{"start":{"line":38,"column":0},"end":{"line":38,"column":8}},"38":{"start":{"line":39,"column":0},"end":{"line":39,"column":24}},"39":{"start":{"line":40,"column":0},"end":{"line":40,"column":10}},"41":{"start":{"line":42,"column":0},"end":{"line":42,"column":1}},"43":{"start":{"line":44,"column":0},"end":{"line":44,"column":31}}},"s":{"0":1,"1":1,"2":1,"3":1,"4":1,"23":1,"24":10,"25":10,"26":10,"27":10,"28":10,"29":10,"30":10,"31":10,"32":10,"33":10,"34":10,"35":10,"36":10,"37":10,"38":10,"39":10,"41":10,"43":1},"branchMap":{"0":{"type":"branch","line":24,"loc":{"start":{"line":24,"column":58},"end":{"line":42,"column":1}},"locations":[{"start":{"line":24,"column":58},"end":{"line":42,"column":1}}]}},"b":{"0":[10]},"fnMap":{"0":{"name":"CurrentlyPlaying","decl":{"start":{"line":24,"column":58},"end":{"line":42,"column":1}},"loc":{"start":{"line":24,"column":58},"end":{"line":42,"column":1}},"line":24}},"f":{"0":10}}
,"/Users/svitlana/Desktop/Projects/atlas-react-testing/src/components/Footer.tsx": {"path":"/Users/svitlana/Desktop/Projects/atlas-react-testing/src/components/Footer.tsx","all":true,"statementMap":{"0":{"start":{"line":1,"column":0},"end":{"line":1,"column":32}},"1":{"start":{"line":2,"column":0},"end":{"line":2,"column":40}},"2":{"start":{"line":3,"column":0},"end":{"line":3,"column":97}},"3":{"start":{"line":4,"column":0},"end":{"line":4,"column":1}},"5":{"start":{"line":6,"column":0},"end":{"line":6,"column":21}}},"s":{"0":0,"1":0,"2":0,"3":0,"5":0},"branchMap":{"0":{"type":"branch","line":1,"loc":{"start":{"line":1,"column":0},"end":{"line":6,"column":-92}},"locations":[{"start":{"line":1,"column":0},"end":{"line":6,"column":-92}}]}},"b":{"0":[0]},"fnMap":{"0":{"name":"(empty-report)","decl":{"start":{"line":1,"column":0},"end":{"line":6,"column":-92}},"loc":{"start":{"line":1,"column":0},"end":{"line":6,"column":-92}},"line":1}},"f":{"0":0}}
,"/Users/svitlana/Desktop/Projects/atlas-react-testing/src/components/PlayControls.tsx": {"path":"/Users/svitlana/Desktop/Projects/atlas-react-testing/src/components/PlayControls.tsx","all":false,"statementMap":{"0":{"start":{"line":1,"column":0},"end":{"line":1,"column":39}},"11":{"start":{"line":12,"column":0},"end":{"line":12,"column":52}},"12":{"start":{"line":13,"column":0},"end":{"line":13,"column":69}},"13":{"start":{"line":14,"column":0},"end":{"line":14,"column":7}},"14":{"start":{"line":15,"column":0},"end":{"line":15,"column":48}},"15":{"start":{"line":16,"column":0},"end":{"line":16,"column":60}},"18":{"start":{"line":19,"column":0},"end":{"line":19,"column":35}},"19":{"start":{"line":20,"column":0},"end":{"line":20,"column":67}},"20":{"start":{"line":21,"column":0},"end":{"line":21,"column":3}},"22":{"start":{"line":23,"column":0},"end":{"line":23,"column":28}},"23":{"start":{"line":24,"column":0},"end":{"line":24,"column":29}},"24":{"start":{"line":25,"column":0},"end":{"line":25,"column":4}},"27":{"start":{"line":28,"column":0},"end":{"line":28,"column":10}},"28":{"start":{"line":29,"column":0},"end":{"line":29,"column":60}},"30":{"start":{"line":31,"column":0},"end":{"line":31,"column":13}},"31":{"start":{"line":32,"column":0},"end":{"line":32,"column":48}},"32":{"start":{"line":33,"column":0},"end":{"line":33,"column":20}},"33":{"start":{"line":34,"column":0},"end":{"line":34,"column":199}},"34":{"start":{"line":35,"column":0},"end":{"line":35,"column":34}},"35":{"start":{"line":36,"column":0},"end":{"line":36,"column":71}},"36":{"start":{"line":37,"column":0},"end":{"line":37,"column":15}},"38":{"start":{"line":39,"column":0},"end":{"line":39,"column":13}},"39":{"start":{"line":40,"column":0},"end":{"line":40,"column":19}},"40":{"start":{"line":41,"column":0},"end":{"line":41,"column":27}},"41":{"start":{"line":42,"column":0},"end":{"line":42,"column":249}},"42":{"start":{"line":43,"column":0},"end":{"line":43,"column":22}},"43":{"start":{"line":44,"column":0},"end":{"line":44,"column":28}},"45":{"start":{"line":46,"column":0},"end":{"line":46,"column":109}},"46":{"start":{"line":47,"column":0},"end":{"line":47,"column":254}},"47":{"start":{"line":48,"column":0},"end":{"line":48,"column":14}},"48":{"start":{"line":49,"column":0},"end":{"line":49,"column":15}},"50":{"start":{"line":51,"column":0},"end":{"line":51,"column":13}},"51":{"start":{"line":52,"column":0},"end":{"line":52,"column":19}},"52":{"start":{"line":53,"column":0},"end":{"line":53,"column":47}},"53":{"start":{"line":54,"column":0},"end":{"line":54,"column":258}},"54":{"start":{"line":55,"column":0},"end":{"line":55,"column":26}},"56":{"start":{"line":57,"column":0},"end":{"line":57,"column":21}},"57":{"start":{"line":58,"column":0},"end":{"line":58,"column":149}},"58":{"start":{"line":59,"column":0},"end":{"line":59,"column":193}},"59":{"start":{"line":60,"column":0},"end":{"line":60,"column":12}},"61":{"start":{"line":62,"column":0},"end":{"line":62,"column":181}},"62":{"start":{"line":63,"column":0},"end":{"line":63,"column":99}},"63":{"start":{"line":64,"column":0},"end":{"line":64,"column":14}},"66":{"start":{"line":67,"column":0},"end":{"line":67,"column":15}},"68":{"start":{"line":69,"column":0},"end":{"line":69,"column":13}},"69":{"start":{"line":70,"column":0},"end":{"line":70,"column":19}},"70":{"start":{"line":71,"column":0},"end":{"line":71,"column":248}},"71":{"start":{"line":72,"column":0},"end":{"line":72,"column":22}},"72":{"start":{"line":73,"column":0},"end":{"line":73,"column":27}},"73":{"start":{"line":74,"column":0},"end":{"line":74,"column":23}},"75":{"start":{"line":76,"column":0},"end":{"line":76,"column":108}},"76":{"start":{"line":77,"column":0},"end":{"line":77,"column":251}},"77":{"start":{"line":78,"column":0},"end":{"line":78,"column":14}},"78":{"start":{"line":79,"column":0},"end":{"line":79,"column":15}},"80":{"start":{"line":81,"column":0},"end":{"line":81,"column":13}},"81":{"start":{"line":82,"column":0},"end":{"line":82,"column":19}},"82":{"start":{"line":83,"column":0},"end":{"line":83,"column":26}},"83":{"start":{"line":84,"column":0},"end":{"line":84,"column":30}},"84":{"start":{"line":85,"column":0},"end":{"line":85,"column":34}},"85":{"start":{"line":86,"column":0},"end":{"line":86,"column":258}},"86":{"start":{"line":87,"column":0},"end":{"line":87,"column":31}},"88":{"start":{"line":89,"column":0},"end":{"line":89,"column":127}},"89":{"start":{"line":90,"column":0},"end":{"line":90,"column":924}},"90":{"start":{"line":91,"column":0},"end":{"line":91,"column":14}},"91":{"start":{"line":92,"column":0},"end":{"line":92,"column":15}},"92":{"start":{"line":93,"column":0},"end":{"line":93,"column":10}},"94":{"start":{"line":95,"column":0},"end":{"line":95,"column":1}},"96":{"start":{"line":97,"column":0},"end":{"line":97,"column":27}}},"s":{"0":1,"11":1,"12":17,"13":17,"14":17,"15":17,"18":17,"19":3,"20":3,"22":17,"23":2,"24":2,"27":17,"28":17,"30":17,"31":17,"32":17,"33":17,"34":17,"35":17,"36":17,"38":17,"39":17,"40":17,"41":17,"42":17,"43":17,"45":17,"46":17,"47":17,"48":17,"50":17,"51":17,"52":17,"53":17,"54":17,"56":17,"57":16,"58":16,"59":16,"61":1,"62":1,"63":1,"66":17,"68":17,"69":17,"70":17,"71":17,"72":17,"73":17,"75":17,"76":17,"77":17,"78":17,"80":17,"81":17,"82":17,"83":17,"84":17,"85":17,"86":17,"88":17,"89":17,"90":17,"91":17,"92":17,"94":17,"96":1},"branchMap":{"0":{"type":"branch","line":12,"loc":{"start":{"line":12,"column":50},"end":{"line":95,"column":1}},"locations":[{"start":{"line":12,"column":50},"end":{"line":95,"column":1}}]},"1":{"type":"branch","line":42,"loc":{"start":{"line":42,"column":183},"end":{"line":42,"column":223}},"locations":[{"start":{"line":42,"column":183},"end":{"line":42,"column":223}}]},"2":{"type":"branch","line":42,"loc":{"start":{"line":42,"column":197},"end":{"line":42,"column":246}},"locations":[{"start":{"line":42,"column":197},"end":{"line":42,"column":246}}]},"3":{"type":"branch","line":53,"loc":{"start":{"line":53,"column":18},"end":{"line":53,"column":40}},"locations":[{"start":{"line":53,"column":18},"end":{"line":53,"column":40}}]},"4":{"type":"branch","line":53,"loc":{"start":{"line":53,"column":30},"end":{"line":53,"column":47}},"locations":[{"start":{"line":53,"column":30},"end":{"line":53,"column":47}}]},"5":{"type":"branch","line":57,"loc":{"start":{"line":57,"column":8},"end":{"line":60,"column":12}},"locations":[{"start":{"line":57,"column":8},"end":{"line":60,"column":12}}]},"6":{"type":"branch","line":60,"loc":{"start":{"line":60,"column":6},"end":{"line":64,"column":14}},"locations":[{"start":{"line":60,"column":6},"end":{"line":64,"column":14}}]},"7":{"type":"branch","line":71,"loc":{"start":{"line":71,"column":183},"end":{"line":71,"column":222}},"locations":[{"start":{"line":71,"column":183},"end":{"line":71,"column":222}}]},"8":{"type":"branch","line":71,"loc":{"start":{"line":71,"column":196},"end":{"line":71,"column":245}},"locations":[{"start":{"line":71,"column":196},"end":{"line":71,"column":245}}]},"9":{"type":"branch","line":86,"loc":{"start":{"line":86,"column":201},"end":{"line":86,"column":232}},"locations":[{"start":{"line":86,"column":201},"end":{"line":86,"column":232}}]},"10":{"type":"branch","line":86,"loc":{"start":{"line":86,"column":213},"end":{"line":86,"column":255}},"locations":[{"start":{"line":86,"column":213},"end":{"line":86,"column":255}}]},"11":{"type":"branch","line":19,"loc":{"start":{"line":19,"column":28},"end":{"line":21,"column":3}},"locations":[{"start":{"line":19,"column":28},"end":{"line":21,"column":3}}]},"12":{"type":"branch","line":20,"loc":{"start":{"line":20,"column":13},"end":{"line":20,"column":65}},"locations":[{"start":{"line":20,"column":13},"end":{"line":20,"column":65}}]},"13":{"type":"branch","line":20,"loc":{"start":{"line":20,"column":43},"end":{"line":20,"column":51}},"locations":[{"start":{"line":20,"column":43},"end":{"line":20,"column":51}}]},"14":{"type":"branch","line":20,"loc":{"start":{"line":20,"column":47},"end":{"line":20,"column":65}},"locations":[{"start":{"line":20,"column":47},"end":{"line":20,"column":65}}]},"15":{"type":"branch","line":23,"loc":{"start":{"line":23,"column":21},"end":{"line":25,"column":4}},"locations":[{"start":{"line":23,"column":21},"end":{"line":25,"column":4}}]}},"b":{"0":[17],"1":[7],"2":[10],"3":[16],"4":[1],"5":[16],"6":[1],"7":[3],"8":[14],"9":[1],"10":[16],"11":[3],"12":[3],"13":[1],"14":[2],"15":[2]},"fnMap":{"0":{"name":"PlayControls","decl":{"start":{"line":12,"column":50},"end":{"line":95,"column":1}},"loc":{"start":{"line":12,"column":50},"end":{"line":95,"column":1}},"line":12},"1":{"name":"handleSpeedChange","decl":{"start":{"line":19,"column":28},"end":{"line":21,"column":3}},"loc":{"start":{"line":19,"column":28},"end":{"line":21,"column":3}},"line":19},"2":{"name":"togglePlay","decl":{"start":{"line":23,"column":21},"end":{"line":25,"column":4}},"loc":{"start":{"line":23,"column":21},"end":{"line":25,"column":4}},"line":23}},"f":{"0":17,"1":3,"2":2}}
,"/Users/svitlana/Desktop/Projects/atlas-react-testing/src/components/PlayListItem.tsx": {"path":"/Users/svitlana/Desktop/Projects/atlas-react-testing/src/components/PlayListItem.tsx","all":false,"statementMap":{"0":{"start":{"line":1,"column":0},"end":{"line":1,"column":25}},"10":{"start":{"line":11,"column":0},"end":{"line":11,"column":104}},"11":{"start":{"line":12,"column":0},"end":{"line":12,"column":10}},"12":{"start":{"line":13,"column":0},"end":{"line":13,"column":12}},"13":{"start":{"line":14,"column":0},"end":{"line":14,"column":220}},"14":{"start":{"line":15,"column":0},"end":{"line":15,"column":21}},"16":{"start":{"line":17,"column":0},"end":{"line":17,"column":33}},"17":{"start":{"line":18,"column":0},"end":{"line":18,"column":73}},"18":{"start":{"line":19,"column":0},"end":{"line":19,"column":79}},"19":{"start":{"line":20,"column":0},"end":{"line":20,"column":12}},"20":{"start":{"line":21,"column":0},"end":{"line":21,"column":79}},"21":{"start":{"line":22,"column":0},"end":{"line":22,"column":13}},"23":{"start":{"line":24,"column":0},"end":{"line":24,"column":1}},"25":{"start":{"line":26,"column":0},"end":{"line":26,"column":27}}},"s":{"0":1,"10":1,"11":22,"12":22,"13":22,"14":22,"16":22,"17":22,"18":22,"19":22,"20":22,"21":22,"23":22,"25":1},"branchMap":{"0":{"type":"branch","line":11,"loc":{"start":{"line":11,"column":50},"end":{"line":24,"column":1}},"locations":[{"start":{"line":11,"column":50},"end":{"line":24,"column":1}}]},"1":{"type":"branch","line":14,"loc":{"start":{"line":14,"column":79},"end":{"line":14,"column":125}},"locations":[{"start":{"line":14,"column":79},"end":{"line":14,"column":125}}]},"2":{"type":"branch","line":14,"loc":{"start":{"line":14,"column":91},"end":{"line":14,"column":141}},"locations":[{"start":{"line":14,"column":91},"end":{"line":14,"column":141}}]}},"b":{"0":[22],"1":[11],"2":[11]},"fnMap":{"0":{"name":"PlayListItem","decl":{"start":{"line":11,"column":50},"end":{"line":24,"column":1}},"loc":{"start":{"line":11,"column":50},"end":{"line":24,"column":1}},"line":11}},"f":{"0":22}}
,"/Users/svitlana/Desktop/Projects/atlas-react-testing/src/components/Playlist.tsx": {"path":"/Users/svitlana/Desktop/Projects/atlas-react-testing/src/components/Playlist.tsx","all":false,"statementMap":{"0":{"start":{"line":1,"column":0},"end":{"line":1,"column":25}},"1":{"start":{"line":2,"column":0},"end":{"line":2,"column":41}},"15":{"start":{"line":16,"column":0},"end":{"line":16,"column":93}},"16":{"start":{"line":17,"column":0},"end":{"line":17,"column":10}},"17":{"start":{"line":18,"column":0},"end":{"line":18,"column":137}},"18":{"start":{"line":19,"column":0},"end":{"line":19,"column":94}},"19":{"start":{"line":20,"column":0},"end":{"line":20,"column":38}},"20":{"start":{"line":21,"column":0},"end":{"line":21,"column":21}},"21":{"start":{"line":22,"column":0},"end":{"line":22,"column":19}},"22":{"start":{"line":23,"column":0},"end":{"line":23,"column":26}},"23":{"start":{"line":24,"column":0},"end":{"line":24,"column":28}},"24":{"start":{"line":25,"column":0},"end":{"line":25,"column":32}},"25":{"start":{"line":26,"column":0},"end":{"line":26,"column":46}},"26":{"start":{"line":27,"column":0},"end":{"line":27,"column":43}},"27":{"start":{"line":28,"column":0},"end":{"line":28,"column":9}},"28":{"start":{"line":29,"column":0},"end":{"line":29,"column":9}},"29":{"start":{"line":30,"column":0},"end":{"line":30,"column":10}},"31":{"start":{"line":32,"column":0},"end":{"line":32,"column":1}},"33":{"start":{"line":34,"column":0},"end":{"line":34,"column":23}}},"s":{"0":1,"1":1,"15":1,"16":10,"17":10,"18":10,"19":10,"20":20,"21":20,"22":20,"23":20,"24":20,"25":20,"26":20,"27":20,"28":10,"29":10,"31":10,"33":1},"branchMap":{"0":{"type":"branch","line":16,"loc":{"start":{"line":16,"column":42},"end":{"line":32,"column":1}},"locations":[{"start":{"line":16,"column":42},"end":{"line":32,"column":1}}]},"1":{"type":"branch","line":20,"loc":{"start":{"line":20,"column":20},"end":{"line":28,"column":9}},"locations":[{"start":{"line":20,"column":20},"end":{"line":28,"column":9}}]},"2":{"type":"branch","line":27,"loc":{"start":{"line":27,"column":17},"end":{"line":27,"column":43}},"locations":[{"start":{"line":27,"column":17},"end":{"line":27,"column":43}}]}},"b":{"0":[10],"1":[20],"2":[1]},"fnMap":{"0":{"name":"Playlist","decl":{"start":{"line":16,"column":42},"end":{"line":32,"column":1}},"loc":{"start":{"line":16,"column":42},"end":{"line":32,"column":1}},"line":16},"1":{"name":"onClick","decl":{"start":{"line":27,"column":17},"end":{"line":27,"column":43}},"loc":{"start":{"line":27,"column":17},"end":{"line":27,"column":43}},"line":27}},"f":{"0":10,"1":1}}
,"/Users/svitlana/Desktop/Projects/atlas-react-testing/src/components/PlaylistLoadingSkeleton.tsx": {"path":"/Users/svitlana/Desktop/Projects/atlas-react-testing/src/components/PlaylistLoadingSkeleton.tsx","all":false,"statementMap":{"0":{"start":{"line":1,"column":0},"end":{"line":1,"column":26}},"2":{"start":{"line":3,"column":0},"end":{"line":3,"column":49}},"3":{"start":{"line":4,"column":0},"end":{"line":4,"column":10}},"4":{"start":{"line":5,"column":0},"end":{"line":5,"column":84}},"6":{"start":{"line":7,"column":0},"end":{"line":7,"column":47}},"7":{"start":{"line":8,"column":0},"end":{"line":8,"column":79}},"9":{"start":{"line":10,"column":0},"end":{"line":10,"column":42}},"10":{"start":{"line":11,"column":0},"end":{"line":11,"column":107}},"11":{"start":{"line":12,"column":0},"end":{"line":12,"column":108}},"12":{"start":{"line":13,"column":0},"end":{"line":13,"column":16}},"14":{"start":{"line":15,"column":0},"end":{"line":15,"column":115}},"15":{"start":{"line":16,"column":0},"end":{"line":16,"column":14}},"16":{"start":{"line":17,"column":0},"end":{"line":17,"column":9}},"17":{"start":{"line":18,"column":0},"end":{"line":18,"column":10}},"19":{"start":{"line":20,"column":0},"end":{"line":20,"column":2}},"21":{"start":{"line":22,"column":0},"end":{"line":22,"column":39}}},"s":{"0":1,"2":1,"3":1,"4":1,"6":1,"7":10,"9":10,"10":10,"11":10,"12":10,"14":10,"15":10,"16":1,"17":1,"19":1,"21":1},"branchMap":{"0":{"type":"branch","line":3,"loc":{"start":{"line":3,"column":42},"end":{"line":20,"column":2}},"locations":[{"start":{"line":3,"column":42},"end":{"line":20,"column":2}}]},"1":{"type":"branch","line":7,"loc":{"start":{"line":7,"column":32},"end":{"line":16,"column":14}},"locations":[{"start":{"line":7,"column":32},"end":{"line":16,"column":14}}]}},"b":{"0":[1],"1":[10]},"fnMap":{"0":{"name":"PlaylistLoadingSkeleton","decl":{"start":{"line":3,"column":42},"end":{"line":20,"column":2}},"loc":{"start":{"line":3,"column":42},"end":{"line":20,"column":2}},"line":3}},"f":{"0":1}}
,"/Users/svitlana/Desktop/Projects/atlas-react-testing/src/components/SongTitle.tsx": {"path":"/Users/svitlana/Desktop/Projects/atlas-react-testing/src/components/SongTitle.tsx","all":false,"statementMap":{"0":{"start":{"line":1,"column":0},"end":{"line":1,"column":25}},"7":{"start":{"line":8,"column":0},"end":{"line":8,"column":68}},"8":{"start":{"line":9,"column":0},"end":{"line":9,"column":10}},"9":{"start":{"line":10,"column":0},"end":{"line":10,"column":10}},"10":{"start":{"line":11,"column":0},"end":{"line":11,"column":90}},"11":{"start":{"line":12,"column":0},"end":{"line":12,"column":60}},"12":{"start":{"line":13,"column":0},"end":{"line":13,"column":10}},"14":{"start":{"line":15,"column":0},"end":{"line":15,"column":1}},"16":{"start":{"line":17,"column":0},"end":{"line":17,"column":24}}},"s":{"0":1,"7":1,"8":11,"9":11,"10":11,"11":11,"12":11,"14":11,"16":1},"branchMap":{"0":{"type":"branch","line":8,"loc":{"start":{"line":8,"column":44},"end":{"line":15,"column":1}},"locations":[{"start":{"line":8,"column":44},"end":{"line":15,"column":1}}]}},"b":{"0":[11]},"fnMap":{"0":{"name":"SongTitle","decl":{"start":{"line":8,"column":44},"end":{"line":15,"column":1}},"loc":{"start":{"line":8,"column":44},"end":{"line":15,"column":1}},"line":8}},"f":{"0":11}}
,"/Users/svitlana/Desktop/Projects/atlas-react-testing/src/components/VolumeControls.tsx": {"path":"/Users/svitlana/Desktop/Projects/atlas-react-testing/src/components/VolumeControls.tsx","all":false,"statementMap":{"0":{"start":{"line":1,"column":0},"end":{"line":1,"column":40}},"1":{"start":{"line":2,"column":0},"end":{"line":2,"column":42}},"2":{"start":{"line":3,"column":0},"end":{"line":3,"column":55}},"3":{"start":{"line":4,"column":0},"end":{"line":4,"column":53}},"5":{"start":{"line":6,"column":0},"end":{"line":6,"column":40}},"6":{"start":{"line":7,"column":0},"end":{"line":7,"column":61}},"7":{"start":{"line":8,"column":0},"end":{"line":8,"column":57}},"9":{"start":{"line":10,"column":0},"end":{"line":10,"column":74}},"10":{"start":{"line":11,"column":0},"end":{"line":11,"column":45}},"13":{"start":{"line":14,"column":0},"end":{"line":14,"column":35}},"14":{"start":{"line":15,"column":0},"end":{"line":15,"column":24}},"15":{"start":{"line":16,"column":0},"end":{"line":16,"column":5}},"17":{"start":{"line":18,"column":0},"end":{"line":18,"column":30}},"20":{"start":{"line":21,"column":0},"end":{"line":21,"column":26}},"21":{"start":{"line":22,"column":0},"end":{"line":22,"column":23}},"22":{"start":{"line":23,"column":0},"end":{"line":23,"column":5}},"23":{"start":{"line":24,"column":0},"end":{"line":24,"column":4}},"25":{"start":{"line":26,"column":0},"end":{"line":26,"column":28}},"26":{"start":{"line":27,"column":0},"end":{"line":27,"column":25}},"27":{"start":{"line":28,"column":0},"end":{"line":28,"column":18}},"28":{"start":{"line":29,"column":0},"end":{"line":29,"column":74}},"29":{"start":{"line":30,"column":0},"end":{"line":30,"column":12}},"30":{"start":{"line":31,"column":0},"end":{"line":31,"column":54}},"31":{"start":{"line":32,"column":0},"end":{"line":32,"column":5}},"32":{"start":{"line":33,"column":0},"end":{"line":33,"column":4}},"34":{"start":{"line":35,"column":0},"end":{"line":35,"column":10}},"35":{"start":{"line":36,"column":0},"end":{"line":36,"column":49}},"37":{"start":{"line":38,"column":0},"end":{"line":38,"column":97}},"38":{"start":{"line":39,"column":0},"end":{"line":39,"column":12}},"39":{"start":{"line":40,"column":0},"end":{"line":40,"column":71}},"40":{"start":{"line":41,"column":0},"end":{"line":41,"column":48}},"41":{"start":{"line":42,"column":0},"end":{"line":42,"column":85}},"42":{"start":{"line":43,"column":0},"end":{"line":43,"column":10}},"43":{"start":{"line":44,"column":0},"end":{"line":44,"column":9}},"45":{"start":{"line":46,"column":0},"end":{"line":46,"column":48}},"47":{"start":{"line":48,"column":0},"end":{"line":48,"column":14}},"48":{"start":{"line":49,"column":0},"end":{"line":49,"column":22}},"49":{"start":{"line":50,"column":0},"end":{"line":50,"column":17}},"50":{"start":{"line":51,"column":0},"end":{"line":51,"column":19}},"51":{"start":{"line":52,"column":0},"end":{"line":52,"column":43}},"52":{"start":{"line":53,"column":0},"end":{"line":53,"column":39}},"53":{"start":{"line":54,"column":0},"end":{"line":54,"column":110}},"54":{"start":{"line":55,"column":0},"end":{"line":55,"column":34}},"55":{"start":{"line":56,"column":0},"end":{"line":56,"column":13}},"56":{"start":{"line":57,"column":0},"end":{"line":57,"column":18}},"57":{"start":{"line":58,"column":0},"end":{"line":58,"column":31}},"58":{"start":{"line":59,"column":0},"end":{"line":59,"column":25}},"59":{"start":{"line":60,"column":0},"end":{"line":60,"column":114}},"60":{"start":{"line":61,"column":0},"end":{"line":61,"column":12}},"61":{"start":{"line":62,"column":0},"end":{"line":62,"column":10}},"62":{"start":{"line":63,"column":0},"end":{"line":63,"column":12}},"63":{"start":{"line":64,"column":0},"end":{"line":64,"column":10}},"65":{"start":{"line":66,"column":0},"end":{"line":66,"column":2}},"67":{"start":{"line":68,"column":0},"end":{"line":68,"column":30}}},"s":{"0":1,"1":1,"2":1,"3":1,"5":1,"6":14,"7":14,"9":14,"10":0,"13":0,"14":0,"15":0,"17":0,"20":0,"21":0,"22":0,"23":0,"25":14,"26":2,"27":2,"28":1,"29":1,"30":1,"31":1,"32":2,"34":14,"35":14,"37":14,"38":14,"39":14,"40":14,"41":14,"42":14,"43":14,"45":14,"47":14,"48":14,"49":14,"50":14,"51":14,"52":14,"53":14,"54":14,"55":14,"56":14,"57":14,"58":1,"59":13,"60":14,"61":14,"62":14,"63":14,"65":14,"67":1},"branchMap":{"0":{"type":"branch","line":6,"loc":{"start":{"line":6,"column":33},"end":{"line":66,"column":2}},"locations":[{"start":{"line":6,"column":33},"end":{"line":66,"column":2}}]},"1":{"type":"branch","line":38,"loc":{"start":{"line":38,"column":47},"end":{"line":38,"column":78}},"locations":[{"start":{"line":38,"column":47},"end":{"line":38,"column":78}}]},"2":{"type":"branch","line":38,"loc":{"start":{"line":38,"column":74},"end":{"line":38,"column":89}},"locations":[{"start":{"line":38,"column":74},"end":{"line":38,"column":89}}]},"3":{"type":"branch","line":38,"loc":{"start":{"line":38,"column":78},"end":{"line":38,"column":97}},"locations":[{"start":{"line":38,"column":78},"end":{"line":38,"column":97}}]},"4":{"type":"branch","line":40,"loc":{"start":{"line":40,"column":15},"end":{"line":40,"column":46}},"locations":[{"start":{"line":40,"column":15},"end":{"line":40,"column":46}}]},"5":{"type":"branch","line":40,"loc":{"start":{"line":40,"column":42},"end":{"line":40,"column":64}},"locations":[{"start":{"line":40,"column":42},"end":{"line":40,"column":64}}]},"6":{"type":"branch","line":40,"loc":{"start":{"line":40,"column":46},"end":{"line":40,"column":71}},"locations":[{"start":{"line":40,"column":46},"end":{"line":40,"column":71}}]},"7":{"type":"branch","line":42,"loc":{"start":{"line":42,"column":15},"end":{"line":42,"column":46}},"locations":[{"start":{"line":42,"column":15},"end":{"line":42,"column":46}}]},"8":{"type":"branch","line":42,"loc":{"start":{"line":42,"column":42},"end":{"line":42,"column":71}},"locations":[{"start":{"line":42,"column":42},"end":{"line":42,"column":71}}]},"9":{"type":"branch","line":42,"loc":{"start":{"line":42,"column":46},"end":{"line":42,"column":85}},"locations":[{"start":{"line":42,"column":46},"end":{"line":42,"column":85}}]},"10":{"type":"branch","line":52,"loc":{"start":{"line":52,"column":17},"end":{"line":52,"column":31}},"locations":[{"start":{"line":52,"column":17},"end":{"line":52,"column":31}}]},"11":{"type":"branch","line":52,"loc":{"start":{"line":52,"column":27},"end":{"line":52,"column":43}},"locations":[{"start":{"line":52,"column":27},"end":{"line":52,"column":43}}]},"12":{"type":"branch","line":55,"loc":{"start":{"line":55,"column":12},"end":{"line":55,"column":32}},"locations":[{"start":{"line":55,"column":12},"end":{"line":55,"column":32}}]},"13":{"type":"branch","line":55,"loc":{"start":{"line":55,"column":22},"end":{"line":55,"column":34}},"locations":[{"start":{"line":55,"column":22},"end":{"line":55,"column":34}}]},"14":{"type":"branch","line":58,"loc":{"start":{"line":58,"column":24},"end":{"line":59,"column":25}},"locations":[{"start":{"line":58,"column":24},"end":{"line":59,"column":25}}]},"15":{"type":"branch","line":59,"loc":{"start":{"line":59,"column":16},"end":{"line":60,"column":114}},"locations":[{"start":{"line":59,"column":16},"end":{"line":60,"column":114}}]},"16":{"type":"branch","line":26,"loc":{"start":{"line":26,"column":21},"end":{"line":33,"column":4}},"locations":[{"start":{"line":26,"column":21},"end":{"line":33,"column":4}}]},"17":{"type":"branch","line":28,"loc":{"start":{"line":28,"column":17},"end":{"line":32,"column":5}},"locations":[{"start":{"line":28,"column":17},"end":{"line":32,"column":5}}]}},"b":{"0":[14],"1":[13],"2":[1],"3":[13],"4":[13],"5":[1],"6":[13],"7":[13],"8":[1],"9":[13],"10":[1],"11":[13],"12":[1],"13":[13],"14":[1],"15":[13],"16":[2],"17":[1]},"fnMap":{"0":{"name":"VolumeControls","decl":{"start":{"line":6,"column":33},"end":{"line":66,"column":2}},"loc":{"start":{"line":6,"column":33},"end":{"line":66,"column":2}},"line":6},"1":{"name":"handleVolumeChange","decl":{"start":{"line":10,"column":29},"end":{"line":24,"column":4}},"loc":{"start":{"line":10,"column":29},"end":{"line":24,"column":4}},"line":10},"2":{"name":"toggleMute","decl":{"start":{"line":26,"column":21},"end":{"line":33,"column":4}},"loc":{"start":{"line":26,"column":21},"end":{"line":33,"column":4}},"line":26}},"f":{"0":14,"1":0,"2":2}}
,"/Users/svitlana/Desktop/Projects/atlas-react-testing/src/hooks/UsePlayListData.tsx": {"path":"/Users/svitlana/Desktop/Projects/atlas-react-testing/src/hooks/UsePlayListData.tsx","all":true,"statementMap":{"0":{"start":{"line":1,"column":0},"end":{"line":1,"column":44}},"9":{"start":{"line":10,"column":0},"end":{"line":10,"column":38}},"10":{"start":{"line":11,"column":0},"end":{"line":11,"column":47}},"11":{"start":{"line":12,"column":0},"end":{"line":12,"column":56}},"13":{"start":{"line":14,"column":0},"end":{"line":14,"column":19}},"14":{"start":{"line":15,"column":0},"end":{"line":15,"column":39}},"15":{"start":{"line":16,"column":0},"end":{"line":16,"column":23}},"18":{"start":{"line":19,"column":0},"end":{"line":19,"column":64}},"20":{"start":{"line":21,"column":0},"end":{"line":21,"column":98}},"21":{"start":{"line":22,"column":0},"end":{"line":22,"column":44}},"22":{"start":{"line":23,"column":0},"end":{"line":23,"column":33}},"23":{"start":{"line":24,"column":0},"end":{"line":24,"column":24}},"24":{"start":{"line":25,"column":0},"end":{"line":25,"column":28}},"25":{"start":{"line":26,"column":0},"end":{"line":26,"column":10}},"26":{"start":{"line":27,"column":0},"end":{"line":27,"column":27}},"27":{"start":{"line":28,"column":0},"end":{"line":28,"column":59}},"28":{"start":{"line":29,"column":0},"end":{"line":29,"column":28}},"29":{"start":{"line":30,"column":0},"end":{"line":30,"column":11}},"30":{"start":{"line":31,"column":0},"end":{"line":31,"column":6}},"32":{"start":{"line":33,"column":0},"end":{"line":33,"column":20}},"33":{"start":{"line":34,"column":0},"end":{"line":34,"column":9}},"35":{"start":{"line":36,"column":0},"end":{"line":36,"column":27}},"36":{"start":{"line":37,"column":0},"end":{"line":37,"column":2}}},"s":{"0":0,"9":0,"10":0,"11":0,"13":0,"14":0,"15":0,"18":0,"20":0,"21":0,"22":0,"23":0,"24":0,"25":0,"26":0,"27":0,"28":0,"29":0,"30":0,"32":0,"33":0,"35":0,"36":0},"branchMap":{"0":{"type":"branch","line":1,"loc":{"start":{"line":1,"column":909},"end":{"line":37,"column":2}},"locations":[{"start":{"line":1,"column":909},"end":{"line":37,"column":2}}]}},"b":{"0":[0]},"fnMap":{"0":{"name":"(empty-report)","decl":{"start":{"line":1,"column":909},"end":{"line":37,"column":2}},"loc":{"start":{"line":1,"column":909},"end":{"line":37,"column":2}},"line":1}},"f":{"0":0}}
,"/Users/svitlana/Desktop/Projects/atlas-react-testing/src/mocks/handlers.ts": {"path":"/Users/svitlana/Desktop/Projects/atlas-react-testing/src/mocks/handlers.ts","all":false,"statementMap":{"0":{"start":{"line":1,"column":0},"end":{"line":1,"column":39}},"1":{"start":{"line":2,"column":0},"end":{"line":2,"column":41}},"3":{"start":{"line":4,"column":0},"end":{"line":4,"column":25}},"4":{"start":{"line":5,"column":0},"end":{"line":5,"column":57}},"5":{"start":{"line":6,"column":0},"end":{"line":6,"column":31}},"6":{"start":{"line":7,"column":0},"end":{"line":7,"column":83}},"7":{"start":{"line":8,"column":0},"end":{"line":8,"column":85}},"8":{"start":{"line":9,"column":0},"end":{"line":9,"column":85}},"9":{"start":{"line":10,"column":0},"end":{"line":10,"column":7}},"10":{"start":{"line":11,"column":0},"end":{"line":11,"column":5}},"11":{"start":{"line":12,"column":0},"end":{"line":12,"column":2}},"13":{"start":{"line":14,"column":0},"end":{"line":14,"column":46}}},"s":{"0":1,"1":1,"3":1,"4":1,"5":0,"6":0,"7":0,"8":0,"9":0,"10":1,"11":1,"13":1},"branchMap":{},"b":{},"fnMap":{},"f":{}}
}
